have_header: checking for ruby/thread.h... -------------------- yes

"clang -o conftest -I/Users/star/.rbenv/versions/2.2.3/include/ruby-2.2.0/x86_64-darwin15 -I/Users/star/.rbenv/versions/2.2.3/include/ruby-2.2.0/ruby/backward -I/Users/star/.rbenv/versions/2.2.3/include/ruby-2.2.0 -I. -I/Users/star/.rbenv/versions/2.2.3/include  -D_XOPEN_SOURCE -D_DARWIN_C_SOURCE -D_DARWIN_UNLIMITED_SELECT -D_REENTRANT    -O3 -Wno-error=shorten-64-to-32  -pipe conftest.c  -L. -L/Users/star/.rbenv/versions/2.2.3/lib -L. -L/Users/star/.rbenv/versions/2.2.3/lib  -fstack-protector     -lruby-static -framework CoreFoundation  -lpthread -ldl -lobjc "
checked program was:
/* begin */
1: #include "ruby.h"
2: 
3: int main(int argc, char **argv)
4: {
5:   return 0;
6: }
/* end */

"clang -E -I/Users/star/.rbenv/versions/2.2.3/include/ruby-2.2.0/x86_64-darwin15 -I/Users/star/.rbenv/versions/2.2.3/include/ruby-2.2.0/ruby/backward -I/Users/star/.rbenv/versions/2.2.3/include/ruby-2.2.0 -I. -I/Users/star/.rbenv/versions/2.2.3/include  -D_XOPEN_SOURCE -D_DARWIN_C_SOURCE -D_DARWIN_UNLIMITED_SELECT -D_REENTRANT    -O3 -Wno-error=shorten-64-to-32  -pipe  conftest.c -o conftest.i"
checked program was:
/* begin */
1: #include "ruby.h"
2: 
3: #include <ruby/thread.h>
/* end */

--------------------

have_func: checking for rb_thread_call_without_gvl() in ruby/thread.h... -------------------- yes

"clang -o conftest -I/Users/star/.rbenv/versions/2.2.3/include/ruby-2.2.0/x86_64-darwin15 -I/Users/star/.rbenv/versions/2.2.3/include/ruby-2.2.0/ruby/backward -I/Users/star/.rbenv/versions/2.2.3/include/ruby-2.2.0 -I. -I/Users/star/.rbenv/versions/2.2.3/include  -D_XOPEN_SOURCE -D_DARWIN_C_SOURCE -D_DARWIN_UNLIMITED_SELECT -D_REENTRANT    -O3 -Wno-error=shorten-64-to-32  -pipe conftest.c  -L. -L/Users/star/.rbenv/versions/2.2.3/lib -L. -L/Users/star/.rbenv/versions/2.2.3/lib  -fstack-protector     -lruby-static -framework CoreFoundation  -lpthread -ldl -lobjc "
checked program was:
/* begin */
 1: #include "ruby.h"
 2: 
 3: #include <ruby/thread.h>
 4: 
 5: /*top*/
 6: extern int t(void);
 7: int main(int argc, char **argv)
 8: {
 9:   if (argc > 1000000) {
10:     printf("%p", &t);
11:   }
12: 
13:   return 0;
14: }
15: int t(void) { void ((*volatile p)()); p = (void ((*)()))rb_thread_call_without_gvl; return 0; }
/* end */

--------------------

have_func: checking for rb_thread_blocking_region()... -------------------- no

"clang -o conftest -I/Users/star/.rbenv/versions/2.2.3/include/ruby-2.2.0/x86_64-darwin15 -I/Users/star/.rbenv/versions/2.2.3/include/ruby-2.2.0/ruby/backward -I/Users/star/.rbenv/versions/2.2.3/include/ruby-2.2.0 -I. -I/Users/star/.rbenv/versions/2.2.3/include  -D_XOPEN_SOURCE -D_DARWIN_C_SOURCE -D_DARWIN_UNLIMITED_SELECT -D_REENTRANT    -O3 -Wno-error=shorten-64-to-32  -pipe conftest.c  -L. -L/Users/star/.rbenv/versions/2.2.3/lib -L. -L/Users/star/.rbenv/versions/2.2.3/lib  -fstack-protector     -lruby-static -framework CoreFoundation  -lpthread -ldl -lobjc "
conftest.c:13:57: error: use of undeclared identifier 'rb_thread_blocking_region'
int t(void) { void ((*volatile p)()); p = (void ((*)()))rb_thread_blocking_region; return 0; }
                                                        ^
1 error generated.
checked program was:
/* begin */
 1: #include "ruby.h"
 2: 
 3: /*top*/
 4: extern int t(void);
 5: int main(int argc, char **argv)
 6: {
 7:   if (argc > 1000000) {
 8:     printf("%p", &t);
 9:   }
10: 
11:   return 0;
12: }
13: int t(void) { void ((*volatile p)()); p = (void ((*)()))rb_thread_blocking_region; return 0; }
/* end */

"clang -o conftest -I/Users/star/.rbenv/versions/2.2.3/include/ruby-2.2.0/x86_64-darwin15 -I/Users/star/.rbenv/versions/2.2.3/include/ruby-2.2.0/ruby/backward -I/Users/star/.rbenv/versions/2.2.3/include/ruby-2.2.0 -I. -I/Users/star/.rbenv/versions/2.2.3/include  -D_XOPEN_SOURCE -D_DARWIN_C_SOURCE -D_DARWIN_UNLIMITED_SELECT -D_REENTRANT    -O3 -Wno-error=shorten-64-to-32  -pipe conftest.c  -L. -L/Users/star/.rbenv/versions/2.2.3/lib -L. -L/Users/star/.rbenv/versions/2.2.3/lib  -fstack-protector     -lruby-static -framework CoreFoundation  -lpthread -ldl -lobjc "
conftest.c:13:15: warning: implicit declaration of function 'rb_thread_blocking_region' is invalid in C99 [-Wimplicit-function-declaration]
int t(void) { rb_thread_blocking_region(); return 0; }
              ^
1 warning generated.
Undefined symbols for architecture x86_64:
  "_rb_thread_blocking_region", referenced from:
      _t in conftest-04d028.o
ld: symbol(s) not found for architecture x86_64
clang: error: linker command failed with exit code 1 (use -v to see invocation)
checked program was:
/* begin */
 1: #include "ruby.h"
 2: 
 3: /*top*/
 4: extern int t(void);
 5: int main(int argc, char **argv)
 6: {
 7:   if (argc > 1000000) {
 8:     printf("%p", &t);
 9:   }
10: 
11:   return 0;
12: }
13: int t(void) { rb_thread_blocking_region(); return 0; }
/* end */

--------------------

have_func: checking for rb_wait_for_single_fd()... -------------------- yes

"clang -o conftest -I/Users/star/.rbenv/versions/2.2.3/include/ruby-2.2.0/x86_64-darwin15 -I/Users/star/.rbenv/versions/2.2.3/include/ruby-2.2.0/ruby/backward -I/Users/star/.rbenv/versions/2.2.3/include/ruby-2.2.0 -I. -I/Users/star/.rbenv/versions/2.2.3/include  -D_XOPEN_SOURCE -D_DARWIN_C_SOURCE -D_DARWIN_UNLIMITED_SELECT -D_REENTRANT    -O3 -Wno-error=shorten-64-to-32  -pipe conftest.c  -L. -L/Users/star/.rbenv/versions/2.2.3/lib -L. -L/Users/star/.rbenv/versions/2.2.3/lib  -fstack-protector     -lruby-static -framework CoreFoundation  -lpthread -ldl -lobjc "
conftest.c:13:57: error: use of undeclared identifier 'rb_wait_for_single_fd'
int t(void) { void ((*volatile p)()); p = (void ((*)()))rb_wait_for_single_fd; return 0; }
                                                        ^
1 error generated.
checked program was:
/* begin */
 1: #include "ruby.h"
 2: 
 3: /*top*/
 4: extern int t(void);
 5: int main(int argc, char **argv)
 6: {
 7:   if (argc > 1000000) {
 8:     printf("%p", &t);
 9:   }
10: 
11:   return 0;
12: }
13: int t(void) { void ((*volatile p)()); p = (void ((*)()))rb_wait_for_single_fd; return 0; }
/* end */

"clang -o conftest -I/Users/star/.rbenv/versions/2.2.3/include/ruby-2.2.0/x86_64-darwin15 -I/Users/star/.rbenv/versions/2.2.3/include/ruby-2.2.0/ruby/backward -I/Users/star/.rbenv/versions/2.2.3/include/ruby-2.2.0 -I. -I/Users/star/.rbenv/versions/2.2.3/include  -D_XOPEN_SOURCE -D_DARWIN_C_SOURCE -D_DARWIN_UNLIMITED_SELECT -D_REENTRANT    -O3 -Wno-error=shorten-64-to-32  -pipe conftest.c  -L. -L/Users/star/.rbenv/versions/2.2.3/lib -L. -L/Users/star/.rbenv/versions/2.2.3/lib  -fstack-protector     -lruby-static -framework CoreFoundation  -lpthread -ldl -lobjc "
conftest.c:13:15: warning: implicit declaration of function 'rb_wait_for_single_fd' is invalid in C99 [-Wimplicit-function-declaration]
int t(void) { rb_wait_for_single_fd(); return 0; }
              ^
1 warning generated.
checked program was:
/* begin */
 1: #include "ruby.h"
 2: 
 3: /*top*/
 4: extern int t(void);
 5: int main(int argc, char **argv)
 6: {
 7:   if (argc > 1000000) {
 8:     printf("%p", &t);
 9:   }
10: 
11:   return 0;
12: }
13: int t(void) { rb_wait_for_single_fd(); return 0; }
/* end */

--------------------

have_func: checking for rb_hash_dup()... -------------------- yes

"clang -o conftest -I/Users/star/.rbenv/versions/2.2.3/include/ruby-2.2.0/x86_64-darwin15 -I/Users/star/.rbenv/versions/2.2.3/include/ruby-2.2.0/ruby/backward -I/Users/star/.rbenv/versions/2.2.3/include/ruby-2.2.0 -I. -I/Users/star/.rbenv/versions/2.2.3/include  -D_XOPEN_SOURCE -D_DARWIN_C_SOURCE -D_DARWIN_UNLIMITED_SELECT -D_REENTRANT    -O3 -Wno-error=shorten-64-to-32  -pipe conftest.c  -L. -L/Users/star/.rbenv/versions/2.2.3/lib -L. -L/Users/star/.rbenv/versions/2.2.3/lib  -fstack-protector     -lruby-static -framework CoreFoundation  -lpthread -ldl -lobjc "
checked program was:
/* begin */
 1: #include "ruby.h"
 2: 
 3: /*top*/
 4: extern int t(void);
 5: int main(int argc, char **argv)
 6: {
 7:   if (argc > 1000000) {
 8:     printf("%p", &t);
 9:   }
10: 
11:   return 0;
12: }
13: int t(void) { void ((*volatile p)()); p = (void ((*)()))rb_hash_dup; return 0; }
/* end */

--------------------

have_func: checking for rb_intern3()... -------------------- yes

"clang -o conftest -I/Users/star/.rbenv/versions/2.2.3/include/ruby-2.2.0/x86_64-darwin15 -I/Users/star/.rbenv/versions/2.2.3/include/ruby-2.2.0/ruby/backward -I/Users/star/.rbenv/versions/2.2.3/include/ruby-2.2.0 -I. -I/Users/star/.rbenv/versions/2.2.3/include  -D_XOPEN_SOURCE -D_DARWIN_C_SOURCE -D_DARWIN_UNLIMITED_SELECT -D_REENTRANT    -O3 -Wno-error=shorten-64-to-32  -pipe conftest.c  -L. -L/Users/star/.rbenv/versions/2.2.3/lib -L. -L/Users/star/.rbenv/versions/2.2.3/lib  -fstack-protector     -lruby-static -framework CoreFoundation  -lpthread -ldl -lobjc "
conftest.c:13:57: error: use of undeclared identifier 'rb_intern3'
int t(void) { void ((*volatile p)()); p = (void ((*)()))rb_intern3; return 0; }
                                                        ^
1 error generated.
checked program was:
/* begin */
 1: #include "ruby.h"
 2: 
 3: /*top*/
 4: extern int t(void);
 5: int main(int argc, char **argv)
 6: {
 7:   if (argc > 1000000) {
 8:     printf("%p", &t);
 9:   }
10: 
11:   return 0;
12: }
13: int t(void) { void ((*volatile p)()); p = (void ((*)()))rb_intern3; return 0; }
/* end */

"clang -o conftest -I/Users/star/.rbenv/versions/2.2.3/include/ruby-2.2.0/x86_64-darwin15 -I/Users/star/.rbenv/versions/2.2.3/include/ruby-2.2.0/ruby/backward -I/Users/star/.rbenv/versions/2.2.3/include/ruby-2.2.0 -I. -I/Users/star/.rbenv/versions/2.2.3/include  -D_XOPEN_SOURCE -D_DARWIN_C_SOURCE -D_DARWIN_UNLIMITED_SELECT -D_REENTRANT    -O3 -Wno-error=shorten-64-to-32  -pipe conftest.c  -L. -L/Users/star/.rbenv/versions/2.2.3/lib -L. -L/Users/star/.rbenv/versions/2.2.3/lib  -fstack-protector     -lruby-static -framework CoreFoundation  -lpthread -ldl -lobjc "
conftest.c:13:15: warning: implicit declaration of function 'rb_intern3' is invalid in C99 [-Wimplicit-function-declaration]
int t(void) { rb_intern3(); return 0; }
              ^
1 warning generated.
checked program was:
/* begin */
 1: #include "ruby.h"
 2: 
 3: /*top*/
 4: extern int t(void);
 5: int main(int argc, char **argv)
 6: {
 7:   if (argc > 1000000) {
 8:     printf("%p", &t);
 9:   }
10: 
11:   return 0;
12: }
13: int t(void) { rb_intern3(); return 0; }
/* end */

--------------------

have_header: checking for mysql.h... -------------------- yes

"clang -E -I/Users/star/.rbenv/versions/2.2.3/include/ruby-2.2.0/x86_64-darwin15 -I/Users/star/.rbenv/versions/2.2.3/include/ruby-2.2.0/ruby/backward -I/Users/star/.rbenv/versions/2.2.3/include/ruby-2.2.0 -I. -I/usr/local/Cellar/mysql/5.7.11/include/mysql -I/Users/star/.rbenv/versions/2.2.3/include  -D_XOPEN_SOURCE -D_DARWIN_C_SOURCE -D_DARWIN_UNLIMITED_SELECT -D_REENTRANT    -O3 -Wno-error=shorten-64-to-32  -pipe  conftest.c -o conftest.i"
checked program was:
/* begin */
1: #include "ruby.h"
2: 
3: #include <mysql.h>
/* end */

--------------------

have_header: checking for errmsg.h... -------------------- yes

"clang -E -I/Users/star/.rbenv/versions/2.2.3/include/ruby-2.2.0/x86_64-darwin15 -I/Users/star/.rbenv/versions/2.2.3/include/ruby-2.2.0/ruby/backward -I/Users/star/.rbenv/versions/2.2.3/include/ruby-2.2.0 -I. -I/usr/local/Cellar/mysql/5.7.11/include/mysql -I/Users/star/.rbenv/versions/2.2.3/include  -D_XOPEN_SOURCE -D_DARWIN_C_SOURCE -D_DARWIN_UNLIMITED_SELECT -D_REENTRANT    -O3 -Wno-error=shorten-64-to-32  -pipe  conftest.c -o conftest.i"
checked program was:
/* begin */
1: #include "ruby.h"
2: 
3: #include <errmsg.h>
/* end */

--------------------

have_header: checking for mysqld_error.h... -------------------- yes

"clang -E -I/Users/star/.rbenv/versions/2.2.3/include/ruby-2.2.0/x86_64-darwin15 -I/Users/star/.rbenv/versions/2.2.3/include/ruby-2.2.0/ruby/backward -I/Users/star/.rbenv/versions/2.2.3/include/ruby-2.2.0 -I. -I/usr/local/Cellar/mysql/5.7.11/include/mysql -I/Users/star/.rbenv/versions/2.2.3/include  -D_XOPEN_SOURCE -D_DARWIN_C_SOURCE -D_DARWIN_UNLIMITED_SELECT -D_REENTRANT    -O3 -Wno-error=shorten-64-to-32  -pipe  conftest.c -o conftest.i"
checked program was:
/* begin */
1: #include "ruby.h"
2: 
3: #include <mysqld_error.h>
/* end */

--------------------

"clang -o conftest -I/Users/star/.rbenv/versions/2.2.3/include/ruby-2.2.0/x86_64-darwin15 -I/Users/star/.rbenv/versions/2.2.3/include/ruby-2.2.0/ruby/backward -I/Users/star/.rbenv/versions/2.2.3/include/ruby-2.2.0 -I. -I/usr/local/Cellar/mysql/5.7.11/include/mysql -I/Users/star/.rbenv/versions/2.2.3/include  -D_XOPEN_SOURCE -D_DARWIN_C_SOURCE -D_DARWIN_UNLIMITED_SELECT -D_REENTRANT    -O3 -Wno-error=shorten-64-to-32  -pipe conftest.c  -L. -L/Users/star/.rbenv/versions/2.2.3/lib -L. -L/Users/star/.rbenv/versions/2.2.3/lib  -fstack-protector    -L/usr/local/Cellar/mysql/5.7.11/lib -lmysqlclient -lssl -lcrypto  -lruby-static -framework CoreFoundation  -Wall -funroll-loops -lpthread -ldl -lobjc "
checked program was:
/* begin */
1: #include "ruby.h"
2: 
3: int main() {return 0;}
/* end */

"clang -o conftest -I/Users/star/.rbenv/versions/2.2.3/include/ruby-2.2.0/x86_64-darwin15 -I/Users/star/.rbenv/versions/2.2.3/include/ruby-2.2.0/ruby/backward -I/Users/star/.rbenv/versions/2.2.3/include/ruby-2.2.0 -I. -I/usr/local/Cellar/mysql/5.7.11/include/mysql -I/Users/star/.rbenv/versions/2.2.3/include  -D_XOPEN_SOURCE -D_DARWIN_C_SOURCE -D_DARWIN_UNLIMITED_SELECT -D_REENTRANT    -O3 -Wno-error=shorten-64-to-32  -pipe -Wall -funroll-loops conftest.c  -L. -L/Users/star/.rbenv/versions/2.2.3/lib -L. -L/Users/star/.rbenv/versions/2.2.3/lib  -fstack-protector    -L/usr/local/Cellar/mysql/5.7.11/lib -lmysqlclient -lssl -lcrypto  -lruby-static -framework CoreFoundation  -Wl,-rpath,/usr/local/Cellar/mysql/5.7.11/lib -lpthread -ldl -lobjc "
checked program was:
/* begin */
1: #include "ruby.h"
2: 
3: int main() {return 0;}
/* end */

